c:\users\natal\onedrive\pulpit\snowboberecscpp\snowboberecscpp\x64\release\vc142.pdb
c:\users\natal\onedrive\pulpit\snowboberecscpp\snowboberecscpp\x64\release\visual.obj
c:\users\natal\onedrive\pulpit\snowboberecscpp\snowboberecscpp\x64\release\textfield.obj
c:\users\natal\onedrive\pulpit\snowboberecscpp\snowboberecscpp\x64\release\snowboberecscpp.obj
c:\users\natal\onedrive\pulpit\snowboberecscpp\snowboberecscpp\x64\release\scorebind.obj
c:\users\natal\onedrive\pulpit\snowboberecscpp\snowboberecscpp\x64\release\score.obj
c:\users\natal\onedrive\pulpit\snowboberecscpp\snowboberecscpp\x64\release\resultbind.obj
c:\users\natal\onedrive\pulpit\snowboberecscpp\snowboberecscpp\x64\release\position.obj
c:\users\natal\onedrive\pulpit\snowboberecscpp\snowboberecscpp\x64\release\playercontrolled.obj
c:\users\natal\onedrive\pulpit\snowboberecscpp\snowboberecscpp\x64\release\move.obj
c:\users\natal\onedrive\pulpit\snowboberecscpp\snowboberecscpp\x64\release\lives.obj
c:\users\natal\onedrive\pulpit\snowboberecscpp\snowboberecscpp\x64\release\jump.obj
c:\users\natal\onedrive\pulpit\snowboberecscpp\snowboberecscpp\x64\release\constvalues.obj
c:\users\natal\onedrive\pulpit\snowboberecscpp\snowboberecscpp\x64\release\component.obj
c:\users\natal\onedrive\pulpit\snowboberecscpp\snowboberecscpp\x64\release\collisionresponse.obj
c:\users\natal\onedrive\pulpit\snowboberecscpp\snowboberecscpp\x64\release\collision.obj
c:\users\natal\onedrive\pulpit\snowboberecscpp\snowboberecscpp\x64\release\highscores.obj
c:\users\natal\onedrive\pulpit\snowboberecscpp\snowboberecscpp\x64\release\game.obj
c:\users\natal\onedrive\pulpit\snowboberecscpp\snowboberecscpp\x64\release\world.obj
c:\users\natal\onedrive\pulpit\snowboberecscpp\snowboberecscpp\x64\release\rendersystem.obj
c:\users\natal\onedrive\pulpit\snowboberecscpp\snowboberecscpp\x64\release\snowboberecscpp.ipdb
c:\users\natal\onedrive\pulpit\snowboberecscpp\snowboberecscpp\x64\release\snowboberecscpp.iobj
c:\users\natal\onedrive\pulpit\snowboberecscpp\x64\release\snowboberecscpp.pdb
c:\users\natal\onedrive\pulpit\snowboberecscpp\snowboberecscpp\x64\release\snowboberecscpp.tlog\cl.command.1.tlog
c:\users\natal\onedrive\pulpit\snowboberecscpp\snowboberecscpp\x64\release\snowboberecscpp.tlog\cl.read.1.tlog
c:\users\natal\onedrive\pulpit\snowboberecscpp\snowboberecscpp\x64\release\snowboberecscpp.tlog\cl.write.1.tlog
c:\users\natal\onedrive\pulpit\snowboberecscpp\snowboberecscpp\x64\release\snowboberecscpp.tlog\link.command.1.tlog
c:\users\natal\onedrive\pulpit\snowboberecscpp\snowboberecscpp\x64\release\snowboberecscpp.tlog\link.read.1.tlog
c:\users\natal\onedrive\pulpit\snowboberecscpp\snowboberecscpp\x64\release\snowboberecscpp.tlog\link.write.1.tlog
