c:\users\natal\onedrive\pulpit\snowboberecscpp\snowboberecscpp\x64\debug\vc142.pdb
c:\users\natal\onedrive\pulpit\snowboberecscpp\snowboberecscpp\x64\debug\vc142.idb
c:\users\natal\onedrive\pulpit\snowboberecscpp\snowboberecscpp\x64\debug\scorebind.obj
c:\users\natal\onedrive\pulpit\snowboberecscpp\snowboberecscpp\x64\debug\score.obj
c:\users\natal\onedrive\pulpit\snowboberecscpp\snowboberecscpp\x64\debug\resultbind.obj
c:\users\natal\onedrive\pulpit\snowboberecscpp\snowboberecscpp\x64\debug\rendersystem.obj
c:\users\natal\onedrive\pulpit\snowboberecscpp\snowboberecscpp\x64\debug\position.obj
c:\users\natal\onedrive\pulpit\snowboberecscpp\snowboberecscpp\x64\debug\playercontrolledsystem.obj
c:\users\natal\onedrive\pulpit\snowboberecscpp\snowboberecscpp\x64\debug\playercontrolled.obj
c:\users\natal\onedrive\pulpit\snowboberecscpp\snowboberecscpp\x64\debug\obstaclegeneratorsystem.obj
c:\users\natal\onedrive\pulpit\snowboberecscpp\snowboberecscpp\x64\debug\movesystem.obj
c:\users\natal\onedrive\pulpit\snowboberecscpp\snowboberecscpp\x64\debug\move.obj
c:\users\natal\onedrive\pulpit\snowboberecscpp\snowboberecscpp\x64\debug\lives.obj
c:\users\natal\onedrive\pulpit\snowboberecscpp\snowboberecscpp\x64\debug\jump.obj
c:\users\natal\onedrive\pulpit\snowboberecscpp\snowboberecscpp\x64\debug\inputmanager.obj
c:\users\natal\onedrive\pulpit\snowboberecscpp\snowboberecscpp\x64\debug\highscores.obj
c:\users\natal\onedrive\pulpit\snowboberecscpp\snowboberecscpp\x64\debug\constvalues.obj
c:\users\natal\onedrive\pulpit\snowboberecscpp\snowboberecscpp\x64\debug\component.obj
c:\users\natal\onedrive\pulpit\snowboberecscpp\snowboberecscpp\x64\debug\collisionresponse.obj
c:\users\natal\onedrive\pulpit\snowboberecscpp\snowboberecscpp\x64\debug\collision.obj
c:\users\natal\onedrive\pulpit\snowboberecscpp\snowboberecscpp\x64\debug\backgroundgeneratorsystem.obj
c:\users\natal\onedrive\pulpit\snowboberecscpp\snowboberecscpp\x64\debug\world.obj
c:\users\natal\onedrive\pulpit\snowboberecscpp\snowboberecscpp\x64\debug\visual.obj
c:\users\natal\onedrive\pulpit\snowboberecscpp\snowboberecscpp\x64\debug\texturesmanager.obj
c:\users\natal\onedrive\pulpit\snowboberecscpp\snowboberecscpp\x64\debug\textfield.obj
c:\users\natal\onedrive\pulpit\snowboberecscpp\snowboberecscpp\x64\debug\snowboberecscpp.obj
c:\users\natal\onedrive\pulpit\snowboberecscpp\snowboberecscpp\x64\debug\game.obj
c:\users\natal\onedrive\pulpit\snowboberecscpp\snowboberecscpp\x64\debug\util.obj
c:\users\natal\onedrive\pulpit\snowboberecscpp\snowboberecscpp\x64\debug\speedsystem.obj
c:\users\natal\onedrive\pulpit\snowboberecscpp\snowboberecscpp\x64\debug\railsystem.obj
c:\users\natal\onedrive\pulpit\snowboberecscpp\snowboberecscpp\x64\debug\playercollisionsystem.obj
c:\users\natal\onedrive\pulpit\snowboberecscpp\snowboberecscpp\x64\debug\jumpsystem.obj
c:\users\natal\onedrive\pulpit\snowboberecscpp\snowboberecscpp\x64\debug\immortalsystem.obj
c:\users\natal\onedrive\pulpit\snowboberecscpp\snowboberecscpp\x64\debug\gameoversystem.obj
c:\users\natal\onedrive\pulpit\snowboberecscpp\snowboberecscpp\x64\debug\collisionsystem.obj
c:\users\natal\onedrive\pulpit\snowboberecscpp\snowboberecscpp\x64\debug\scorerendersystem.obj
c:\users\natal\onedrive\pulpit\snowboberecscpp\snowboberecscpp\x64\debug\rotatedrectangle.obj
c:\users\natal\onedrive\pulpit\snowboberecscpp\snowboberecscpp\x64\debug\resultrendersystem.obj
c:\users\natal\onedrive\pulpit\snowboberecscpp\snowboberecscpp\x64\debug\highscoresrendersystem.obj
c:\users\natal\onedrive\pulpit\snowboberecscpp\snowboberecscpp\x64\debug\textboxrendersystem.obj
c:\users\natal\onedrive\pulpit\snowboberecscpp\snowboberecscpp\x64\debug\textbox.obj
c:\users\natal\onedrive\pulpit\snowboberecscpp\x64\debug\snowboberecscpp.exe
c:\users\natal\onedrive\pulpit\snowboberecscpp\x64\debug\snowboberecscpp.ilk
c:\users\natal\onedrive\pulpit\snowboberecscpp\x64\debug\snowboberecscpp.pdb
c:\users\natal\onedrive\pulpit\snowboberecscpp\snowboberecscpp\x64\debug\snowboberecscpp.tlog\cl.command.1.tlog
c:\users\natal\onedrive\pulpit\snowboberecscpp\snowboberecscpp\x64\debug\snowboberecscpp.tlog\cl.read.1.tlog
c:\users\natal\onedrive\pulpit\snowboberecscpp\snowboberecscpp\x64\debug\snowboberecscpp.tlog\cl.write.1.tlog
c:\users\natal\onedrive\pulpit\snowboberecscpp\snowboberecscpp\x64\debug\snowboberecscpp.tlog\link.command.1.tlog
c:\users\natal\onedrive\pulpit\snowboberecscpp\snowboberecscpp\x64\debug\snowboberecscpp.tlog\link.read.1.tlog
c:\users\natal\onedrive\pulpit\snowboberecscpp\snowboberecscpp\x64\debug\snowboberecscpp.tlog\link.write.1.tlog
